


ARM Macro Assembler    Page 1 


    1 00000000         
    2 00000000        0 
                       COUNT   RN               R0
    3 00000000        1 
                       MAX     RN               R1
    4 00000000        2 
                       POINTER RN               R2
    5 00000000        3 
                       NEXT    RN               R3
    6 00000000         
    7 00000000         
    8 00000000                 AREA             myData,DATA,READONLY
    9 00000000         
   10 00000000 40 00 44 
              00 42 00 
              20 00 46 
              00       MYDATA  DCW              64,68,66,32,70
   11 0000000A         
   12 0000000A                 AREA             mycode,CODE,READONLY
   13 00000000                 ENTRY
   14 00000000                 EXPORT           __main
   15 00000000         
   16 00000000         __main
   17 00000000 F04F 0005       MOV              COUNT,#5
   18 00000004 F04F 0100       MOV              MAX,#0
   19 00000008 4A04            LDR              POINTER,=MYDATA
   20 0000000A         
   21 0000000A 6813    AGAIN   LDR              NEXT,[POINTER]
   22 0000000C 4299            CMP              MAX,NEXT
   23 0000000E D200            BHS              LOOP
   24 00000010 4619            MOV              MAX,NEXT
   25 00000012         
   26 00000012         
   27 00000012 F102 0204 
                       LOOP    ADD              POINTER,POINTER,#4
   28 00000016 1E40            SUBS             COUNT,COUNT,#1
   29 00000018 D1F7            BNE              AGAIN
   30 0000001A         
   31 0000001A E7FE    Stop    B                Stop
   32 0000001C                 END
              00000000 
Command Line: --debug --xref --diag_suppress=9931 --cpu=Cortex-M4.fp --apcs=int
erwork --depend=.\objects\main.d -o.\objects\main.o -I.\RTE\_CortexM4 -IC:\User
s\suraj\AppData\Local\Arm\Packs\ARM\CMSIS\5.6.0\CMSIS\Core\Include -IC:\Users\s
uraj\AppData\Local\Arm\Packs\Keil\STM32F4xx_DFP\2.14.0\Drivers\CMSIS\Device\ST\
STM32F4xx\Include --predefine="__EVAL SETA 1" --predefine="__MICROLIB SETA 1" -
-predefine="__UVISION_VERSION SETA 528" --predefine="_RTE_ SETA 1" --predefine=
"STM32F411xE SETA 1" --list=.\listings\main.lst main.s



ARM Macro Assembler    Page 1 Alphabetic symbol ordering
Relocatable symbols

MYDATA 00000000

Symbol: MYDATA
   Definitions
      At line 10 in file main.s
   Uses
      At line 19 in file main.s
Comment: MYDATA used once
myData 00000000

Symbol: myData
   Definitions
      At line 8 in file main.s
   Uses
      None
Comment: myData unused
2 symbols



ARM Macro Assembler    Page 1 Alphabetic symbol ordering
Relocatable symbols

AGAIN 0000000A

Symbol: AGAIN
   Definitions
      At line 21 in file main.s
   Uses
      At line 29 in file main.s
Comment: AGAIN used once
LOOP 00000012

Symbol: LOOP
   Definitions
      At line 27 in file main.s
   Uses
      At line 23 in file main.s
Comment: LOOP used once
Stop 0000001A

Symbol: Stop
   Definitions
      At line 31 in file main.s
   Uses
      At line 31 in file main.s
Comment: Stop used once
__main 00000000

Symbol: __main
   Definitions
      At line 16 in file main.s
   Uses
      At line 14 in file main.s
Comment: __main used once
mycode 00000000

Symbol: mycode
   Definitions
      At line 12 in file main.s
   Uses
      None
Comment: mycode unused
5 symbols
349 symbols in table
