


ARM Macro Assembler    Page 1 


    1 00000000         ;p=q+r+s
    2 00000000         ;let q=5,r=6,s=8
    3 00000000         
    4 00000000 00000002 
                       Q       EQU              2
    5 00000000 00000006 
                       R       EQU              6
    6 00000000 00000008 
                       S       EQU              8
    7 00000000         
    8 00000000                 AREA             SimpleEqu,CODE ,READONLY
    9 00000000                 ENTRY
   10 00000000                 EXPORT           __main
   11 00000000         
   12 00000000         __main
   13 00000000 F04F 0002       MOV              R0,#Q
   14 00000004 F04F 0106       MOV              R1,#R
   15 00000008 F04F 0308       MOV              R3,#S
   16 0000000C         
   17 0000000C 4408            ADD              R0,R0,R1
   18 0000000E 4418            ADD              R0,R0,R3
   19 00000010 E7FE    STOP    B                STOP
   20 00000012                 END
Command Line: --debug --xref --diag_suppress=9931 --cpu=Cortex-M4.fp --apcs=int
erwork --depend=.\objects\main.d -o.\objects\main.o -I.\RTE\_Cortex-M4 -IC:\Use
rs\suraj\AppData\Local\Arm\Packs\ARM\CMSIS\5.6.0\CMSIS\Core\Include -IC:\Users\
suraj\AppData\Local\Arm\Packs\Keil\STM32F4xx_DFP\2.14.0\Drivers\CMSIS\Device\ST
\STM32F4xx\Include --predefine="__EVAL SETA 1" --predefine="__MICROLIB SETA 1" 
--predefine="__UVISION_VERSION SETA 528" --predefine="_RTE_ SETA 1" --predefine
="STM32F411xE SETA 1" --list=.\listings\main.lst main.s



ARM Macro Assembler    Page 1 Alphabetic symbol ordering
Relocatable symbols

STOP 00000010

Symbol: STOP
   Definitions
      At line 19 in file main.s
   Uses
      At line 19 in file main.s
Comment: STOP used once
SimpleEqu 00000000

Symbol: SimpleEqu
   Definitions
      At line 8 in file main.s
   Uses
      None
Comment: SimpleEqu unused
__main 00000000

Symbol: __main
   Definitions
      At line 12 in file main.s
   Uses
      At line 10 in file main.s
Comment: __main used once
3 symbols



ARM Macro Assembler    Page 1 Alphabetic symbol ordering
Absolute symbols

Q 00000002

Symbol: Q
   Definitions
      At line 4 in file main.s
   Uses
      At line 13 in file main.s
Comment: Q used once
R 00000006

Symbol: R
   Definitions
      At line 5 in file main.s
   Uses
      At line 14 in file main.s
Comment: R used once
S 00000008

Symbol: S
   Definitions
      At line 6 in file main.s
   Uses
      At line 15 in file main.s
Comment: S used once
3 symbols
342 symbols in table
